<?xml version="1.0" encoding="UTF-8"?>
<testng-results ignored="0" total="5" passed="4" failed="1" skipped="0">
  <reporter-output>
  </reporter-output>
  <suite started-at="2023-01-30T21:48:20 GMT" name="Suite" finished-at="2023-01-30T21:51:08 GMT" duration-ms="167729">
    <groups>
    </groups>
    <test started-at="2023-01-30T21:48:20 GMT" name="Test" finished-at="2023-01-30T21:51:08 GMT" duration-ms="167729">
      <class name="com.Bayt.AboutUsTest.AboutUsTest">
        <test-method is-config="true" signature="OpenPage()[pri:0, instance:com.Bayt.AboutUsTest.AboutUsTest@28975c28]" started-at="2023-01-30T21:48:54 GMT" name="OpenPage" finished-at="2023-01-30T21:48:57 GMT" duration-ms="3467" status="PASS">
          <reporter-output>
          </reporter-output>
        </test-method> <!-- OpenPage -->
        <test-method signature="AboutUs()[pri:0, instance:com.Bayt.AboutUsTest.AboutUsTest@28975c28]" started-at="2023-01-30T21:48:57 GMT" name="AboutUs" finished-at="2023-01-30T21:49:03 GMT" duration-ms="5176" status="PASS">
          <reporter-output>
          </reporter-output>
        </test-method> <!-- AboutUs -->
        <test-method is-config="true" signature="Clouser()[pri:0, instance:com.Bayt.AboutUsTest.AboutUsTest@28975c28]" started-at="2023-01-30T21:49:03 GMT" name="Clouser" finished-at="2023-01-30T21:49:03 GMT" duration-ms="1" status="PASS">
          <reporter-output>
          </reporter-output>
        </test-method> <!-- Clouser -->
      </class> <!-- com.Bayt.AboutUsTest.AboutUsTest -->
      <class name="com.Bayt.MainTest.LoginTest">
        <test-method is-config="true" signature="OpenPage()[pri:0, instance:com.Bayt.MainTest.LoginTest@3943a2be]" started-at="2023-01-30T21:49:03 GMT" name="OpenPage" finished-at="2023-01-30T21:49:07 GMT" duration-ms="4362" status="PASS">
          <reporter-output>
          </reporter-output>
        </test-method> <!-- OpenPage -->
        <test-method signature="EasyApply(java.lang.String, java.lang.String)[pri:0, instance:com.Bayt.MainTest.LoginTest@3943a2be]" started-at="2023-01-30T21:49:07 GMT" name="EasyApply" data-provider="ApplyPage" finished-at="2023-01-30T21:49:15 GMT" duration-ms="7811" status="PASS">
          <params>
            <param index="0">
              <value>
                <![CDATA[Jordan]]>
              </value>
            </param>
            <param index="1">
              <value>
                <![CDATA[Amman]]>
              </value>
            </param>
          </params>
          <reporter-output>
          </reporter-output>
        </test-method> <!-- EasyApply -->
        <test-method is-config="true" signature="Clouser()[pri:0, instance:com.Bayt.MainTest.LoginTest@3943a2be]" started-at="2023-01-30T21:49:15 GMT" name="Clouser" finished-at="2023-01-30T21:49:15 GMT" duration-ms="0" status="PASS">
          <reporter-output>
          </reporter-output>
        </test-method> <!-- Clouser -->
      </class> <!-- com.Bayt.MainTest.LoginTest -->
      <class name="com.Bayt.RegisterandApplyTest.CheekEmailRlreadyTest">
        <test-method is-config="true" signature="OpenPage()[pri:0, instance:com.Bayt.RegisterandApplyTest.CheekEmailRlreadyTest@157853da]" started-at="2023-01-30T21:50:47 GMT" name="OpenPage" finished-at="2023-01-30T21:50:51 GMT" duration-ms="3775" status="PASS">
          <reporter-output>
          </reporter-output>
        </test-method> <!-- OpenPage -->
        <test-method signature="EasyApply()[pri:0, instance:com.Bayt.RegisterandApplyTest.CheekEmailRlreadyTest@157853da]" started-at="2023-01-30T21:50:51 GMT" name="EasyApply" finished-at="2023-01-30T21:51:08 GMT" duration-ms="17155" status="FAIL">
          <exception class="org.openqa.selenium.json.JsonException">
            <message>
              <![CDATA[java.lang.reflect.InvocationTargetException
Build info: version: '3.141.59', revision: 'e82be7d358', time: '2018-11-14T08:17:03'
System info: host: 'DESKTOP-NPK11H1', ip: '192.168.43.194', os.name: 'Windows 10', os.arch: 'amd64', os.version: '10.0', java.version: '19.0.1'
Driver info: driver.version: RemoteWebDriver]]>
            </message>
            <full-stacktrace>
              <![CDATA[org.openqa.selenium.json.JsonException: java.lang.reflect.InvocationTargetException
Build info: version: '3.141.59', revision: 'e82be7d358', time: '2018-11-14T08:17:03'
System info: host: 'DESKTOP-NPK11H1', ip: '192.168.43.194', os.name: 'Windows 10', os.arch: 'amd64', os.version: '10.0', java.version: '19.0.1'
Driver info: driver.version: RemoteWebDriver
at org.openqa.selenium.json.JsonOutput.convertUsingMethod(JsonOutput.java:332)
at org.openqa.selenium.json.JsonOutput.lambda$new$16(JsonOutput.java:155)
at org.openqa.selenium.json.JsonOutput.write(JsonOutput.java:264)
at org.openqa.selenium.json.JsonOutput.lambda$null$21(JsonOutput.java:168)
at java.base/java.util.LinkedHashMap$LinkedValues.forEach(LinkedHashMap.java:655)
at org.openqa.selenium.json.JsonOutput.lambda$new$22(JsonOutput.java:168)
at org.openqa.selenium.json.JsonOutput.write(JsonOutput.java:264)
at org.openqa.selenium.json.JsonOutput.lambda$null$23(JsonOutput.java:177)
at com.google.common.collect.SingletonImmutableBiMap.forEach(SingletonImmutableBiMap.java:65)
at org.openqa.selenium.json.JsonOutput.lambda$new$24(JsonOutput.java:176)
at org.openqa.selenium.json.JsonOutput.write(JsonOutput.java:264)
at org.openqa.selenium.json.JsonOutput.write(JsonOutput.java:255)
at org.openqa.selenium.json.Json.toJson(Json.java:42)
at org.openqa.selenium.remote.http.AbstractHttpCommandCodec.encode(AbstractHttpCommandCodec.java:227)
at org.openqa.selenium.remote.http.AbstractHttpCommandCodec.encode(AbstractHttpCommandCodec.java:117)
at org.openqa.selenium.remote.HttpCommandExecutor.execute(HttpCommandExecutor.java:152)
at org.openqa.selenium.remote.service.DriverCommandExecutor.execute(DriverCommandExecutor.java:83)
at org.openqa.selenium.remote.RemoteWebDriver.execute(RemoteWebDriver.java:552)
at org.openqa.selenium.remote.RemoteWebDriver.perform(RemoteWebDriver.java:618)
at org.openqa.selenium.interactions.Actions$BuiltAction.perform(Actions.java:639)
at com.Bayt.ActionDriver.Action.click(Action.java:38)
at com.Bayt.RegisterandApplyPageObject.CheekEmailRlready.CheekEmailRlread(CheekEmailRlready.java:57)
at com.Bayt.RegisterandApplyTest.CheekEmailRlreadyTest.EasyApply(CheekEmailRlreadyTest.java:29)
at java.base/jdk.internal.reflect.DirectMethodHandleAccessor.invoke(DirectMethodHandleAccessor.java:104)
at java.base/java.lang.reflect.Method.invoke(Method.java:578)
at org.testng.internal.MethodInvocationHelper.invokeMethod(MethodInvocationHelper.java:134)
at org.testng.internal.TestInvoker.invokeMethod(TestInvoker.java:597)
at org.testng.internal.TestInvoker.invokeTestMethod(TestInvoker.java:173)
at org.testng.internal.MethodRunner.runInSequence(MethodRunner.java:46)
at org.testng.internal.TestInvoker$MethodInvocationAgent.invoke(TestInvoker.java:816)
at org.testng.internal.TestInvoker.invokeTestMethods(TestInvoker.java:146)
at org.testng.internal.TestMethodWorker.invokeTestMethods(TestMethodWorker.java:146)
at org.testng.internal.TestMethodWorker.run(TestMethodWorker.java:128)
at java.base/java.util.ArrayList.forEach(ArrayList.java:1511)
at org.testng.TestRunner.privateRun(TestRunner.java:766)
at org.testng.TestRunner.run(TestRunner.java:587)
at org.testng.SuiteRunner.runTest(SuiteRunner.java:384)
at org.testng.SuiteRunner.runSequentially(SuiteRunner.java:378)
at org.testng.SuiteRunner.privateRun(SuiteRunner.java:337)
at org.testng.SuiteRunner.run(SuiteRunner.java:286)
at org.testng.SuiteRunnerWorker.runSuite(SuiteRunnerWorker.java:53)
at org.testng.SuiteRunnerWorker.run(SuiteRunnerWorker.java:96)
at org.testng.TestNG.runSuitesSequentially(TestNG.java:1187)
at org.testng.TestNG.runSuitesLocally(TestNG.java:1109)
at org.testng.TestNG.runSuites(TestNG.java:1039)
at org.testng.TestNG.run(TestNG.java:1007)
at org.testng.remote.AbstractRemoteTestNG.run(AbstractRemoteTestNG.java:115)
at org.testng.remote.RemoteTestNG.initAndRun(RemoteTestNG.java:251)
at org.testng.remote.RemoteTestNG.main(RemoteTestNG.java:77)
Suppressed: org.openqa.selenium.json.JsonException: Attempting to close incomplete json stream
Build info: version: '3.141.59', revision: 'e82be7d358', time: '2018-11-14T08:17:03'
System info: host: 'DESKTOP-NPK11H1', ip: '192.168.43.194', os.name: 'Windows 10', os.arch: 'amd64', os.version: '10.0', java.version: '19.0.1'
Driver info: driver.version: RemoteWebDriver
at org.openqa.selenium.json.JsonOutput.close(JsonOutput.java:279)
at org.openqa.selenium.json.Json.toJson(Json.java:44)
... 36 more
Caused by: java.lang.reflect.InvocationTargetException
at java.base/jdk.internal.reflect.DirectMethodHandleAccessor.invoke(DirectMethodHandleAccessor.java:119)
at java.base/java.lang.reflect.Method.invoke(Method.java:578)
at org.openqa.selenium.json.JsonOutput.convertUsingMethod(JsonOutput.java:328)
... 48 more
Caused by: org.openqa.selenium.NoSuchElementException: no such element: Unable to locate element: {"method":"xpath","selector":"//li[3]//div[1]//div[3]//div[2]//a[1]"}
  (Session info: chrome=109.0.5414.120)
For documentation on this error, please visit: https://www.seleniumhq.org/exceptions/no_such_element.html
Build info: version: '3.141.59', revision: 'e82be7d358', time: '2018-11-14T08:17:03'
System info: host: 'DESKTOP-NPK11H1', ip: '192.168.43.194', os.name: 'Windows 10', os.arch: 'amd64', os.version: '10.0', java.version: '19.0.1'
Driver info: org.openqa.selenium.chrome.ChromeDriver
Capabilities {acceptInsecureCerts: false, browserName: chrome, browserVersion: 109.0.5414.120, chrome: {chromedriverVersion: 109.0.5414.74 (e7c5703604da..., userDataDir: C:\Users\Abdallah\AppData\L...}, goog:chromeOptions: {debuggerAddress: localhost:52422}, javascriptEnabled: true, networkConnectionEnabled: false, pageLoadStrategy: normal, platform: WINDOWS, platformName: WINDOWS, proxy: Proxy(), setWindowRect: true, strictFileInteractability: false, timeouts: {implicit: 0, pageLoad: 300000, script: 30000}, unhandledPromptBehavior: dismiss and notify, webauthn:extension:credBlob: true, webauthn:extension:largeBlob: true, webauthn:virtualAuthenticators: true}
Session ID: dfe84e3be94c603d4ac7a10c70ee7da3
*** Element info: {Using=xpath, value=//li[3]//div[1]//div[3]//div[2]//a[1]}
at java.base/jdk.internal.reflect.DirectConstructorHandleAccessor.newInstance(DirectConstructorHandleAccessor.java:67)
at java.base/java.lang.reflect.Constructor.newInstanceWithCaller(Constructor.java:500)
at java.base/java.lang.reflect.Constructor.newInstance(Constructor.java:484)
at org.openqa.selenium.remote.http.W3CHttpResponseCodec.createException(W3CHttpResponseCodec.java:187)
at org.openqa.selenium.remote.http.W3CHttpResponseCodec.decode(W3CHttpResponseCodec.java:122)
at org.openqa.selenium.remote.http.W3CHttpResponseCodec.decode(W3CHttpResponseCodec.java:49)
at org.openqa.selenium.remote.HttpCommandExecutor.execute(HttpCommandExecutor.java:158)
at org.openqa.selenium.remote.service.DriverCommandExecutor.execute(DriverCommandExecutor.java:83)
at org.openqa.selenium.remote.RemoteWebDriver.execute(RemoteWebDriver.java:552)
at org.openqa.selenium.remote.RemoteWebDriver.findElement(RemoteWebDriver.java:323)
at org.openqa.selenium.remote.RemoteWebDriver.findElementByXPath(RemoteWebDriver.java:428)
at org.openqa.selenium.By$ByXPath.findElement(By.java:353)
at org.openqa.selenium.remote.RemoteWebDriver.findElement(RemoteWebDriver.java:315)
at org.openqa.selenium.support.pagefactory.DefaultElementLocator.findElement(DefaultElementLocator.java:69)
at org.openqa.selenium.support.pagefactory.internal.LocatingElementHandler.invoke(LocatingElementHandler.java:38)
at jdk.proxy2/jdk.proxy2.$Proxy13.getWrappedElement(Unknown Source)
at org.openqa.selenium.interactions.PointerInput$Origin.asArg(PointerInput.java:204)
at org.openqa.selenium.interactions.PointerInput$Move.encode(PointerInput.java:155)
at org.openqa.selenium.interactions.Sequence.encode(Sequence.java:75)
at org.openqa.selenium.interactions.Sequence.toJson(Sequence.java:84)
at java.base/jdk.internal.reflect.DirectMethodHandleAccessor.invoke(DirectMethodHandleAccessor.java:104)
... 50 more
]]>
            </full-stacktrace>
          </exception> <!-- org.openqa.selenium.json.JsonException -->
          <reporter-output>
          </reporter-output>
        </test-method> <!-- EasyApply -->
        <test-method is-config="true" signature="Clouser()[pri:0, instance:com.Bayt.RegisterandApplyTest.CheekEmailRlreadyTest@157853da]" started-at="2023-01-30T21:51:08 GMT" name="Clouser" finished-at="2023-01-30T21:51:08 GMT" duration-ms="0" status="PASS">
          <reporter-output>
          </reporter-output>
        </test-method> <!-- Clouser -->
      </class> <!-- com.Bayt.RegisterandApplyTest.CheekEmailRlreadyTest -->
      <class name="com.Bayt.RegisterandApplyTest.ApplyTest">
        <test-method is-config="true" signature="OpenPage()[pri:0, instance:com.Bayt.RegisterandApplyTest.ApplyTest@343570b7]" started-at="2023-01-30T21:49:15 GMT" name="OpenPage" finished-at="2023-01-30T21:49:19 GMT" duration-ms="3416" status="PASS">
          <reporter-output>
          </reporter-output>
        </test-method> <!-- OpenPage -->
        <test-method signature="EasyApply(java.lang.String, java.lang.String)[pri:0, instance:com.Bayt.RegisterandApplyTest.ApplyTest@343570b7]" started-at="2023-01-30T21:49:19 GMT" name="EasyApply" data-provider="ApplyPage" finished-at="2023-01-30T21:50:47 GMT" duration-ms="88422" status="PASS">
          <params>
            <param index="0">
              <value>
                <![CDATA[Jordan]]>
              </value>
            </param>
            <param index="1">
              <value>
                <![CDATA[Amman]]>
              </value>
            </param>
          </params>
          <reporter-output>
          </reporter-output>
        </test-method> <!-- EasyApply -->
        <test-method is-config="true" signature="Clouser()[pri:0, instance:com.Bayt.RegisterandApplyTest.ApplyTest@343570b7]" started-at="2023-01-30T21:50:47 GMT" name="Clouser" finished-at="2023-01-30T21:50:47 GMT" duration-ms="0" status="PASS">
          <reporter-output>
          </reporter-output>
        </test-method> <!-- Clouser -->
      </class> <!-- com.Bayt.RegisterandApplyTest.ApplyTest -->
      <class name="com.Bayt.MainTest.MainTest">
        <test-method is-config="true" signature="OpenPage()[pri:0, instance:com.Bayt.MainTest.MainTest@ba54932]" started-at="2023-01-30T21:48:20 GMT" name="OpenPage" finished-at="2023-01-30T21:48:24 GMT" duration-ms="3902" status="PASS">
          <reporter-output>
          </reporter-output>
        </test-method> <!-- OpenPage -->
        <test-method signature="EasyApply()[pri:0, instance:com.Bayt.MainTest.MainTest@ba54932]" started-at="2023-01-30T21:48:24 GMT" name="EasyApply" finished-at="2023-01-30T21:48:54 GMT" duration-ms="29797" status="PASS">
          <reporter-output>
          </reporter-output>
        </test-method> <!-- EasyApply -->
        <test-method is-config="true" signature="Clouser()[pri:0, instance:com.Bayt.MainTest.MainTest@ba54932]" started-at="2023-01-30T21:48:54 GMT" name="Clouser" finished-at="2023-01-30T21:48:54 GMT" duration-ms="0" status="PASS">
          <reporter-output>
          </reporter-output>
        </test-method> <!-- Clouser -->
      </class> <!-- com.Bayt.MainTest.MainTest -->
    </test> <!-- Test -->
  </suite> <!-- Suite -->
</testng-results>
